<?xml version="1.0" encoding="UTF-8"?>
<!-- Generated by org.testng.reporters.JUnitXMLReporter -->
<testsuite hostname="Pooja-HP" ignored="0" name="Login" tests="4" failures="0" timestamp="03 Aug 2018 07:01:53 GMT" time="0.413" errors="0">
  <testcase name="@BeforeClass setUp" time="0.0" classname="com.Application.test.EbayApplication">
    <failure type="java.lang.NullPointerException">
      <![CDATA[java.lang.NullPointerException
	at com.google.common.base.Preconditions.checkNotNull(Preconditions.java:770)
	at org.openqa.selenium.support.ui.FluentWait.<init>(FluentWait.java:96)
	at org.openqa.selenium.support.ui.WebDriverWait.<init>(WebDriverWait.java:71)
	at org.openqa.selenium.support.ui.WebDriverWait.<init>(WebDriverWait.java:45)
	at com.Pages.ProductPage.<init>(ProductPage.java:22)
	at com.Application.test.EbayApplication.setUp(EbayApplication.java:45)
... Removed 25 stack frames]]>
    </failure>
  </testcase> <!-- @BeforeClass setUp -->
  <testcase name="@AfterMethod getResult" time="0.0" classname="com.Application.test.EbayApplication">
    <skipped/>
  </testcase> <!-- @AfterMethod getResult -->
  <testcase name="@AfterMethod getResult" time="0.0" classname="com.Application.test.EbayApplication">
    <skipped/>
  </testcase> <!-- @AfterMethod getResult -->
  <testcase name="@AfterMethod getResult" time="0.0" classname="com.Application.test.EbayApplication">
    <skipped/>
  </testcase> <!-- @AfterMethod getResult -->
  <testcase name="@AfterMethod getResult" time="0.0" classname="com.Application.test.EbayApplication">
    <skipped/>
  </testcase> <!-- @AfterMethod getResult -->
  <testcase name="@AfterTest endReport" time="0.0" classname="com.Application.test.EbayApplication">
    <skipped/>
  </testcase> <!-- @AfterTest endReport -->
  <testcase name="loginIntoApplication" time="0.004" classname="com.Application.test.EbayApplication">
    <skipped/>
  </testcase> <!-- loginIntoApplication -->
  <testcase name="searchProduct" time="0.007" classname="com.Application.test.EbayApplication">
    <skipped/>
  </testcase> <!-- searchProduct -->
  <testcase name="selectProduct" time="0.002" classname="com.Application.test.EbayApplication">
    <skipped/>
  </testcase> <!-- selectProduct -->
  <testcase name="paymentOfTheProductWithInvaidDetails" time="0.002" classname="com.Application.test.EbayApplication">
    <skipped/>
  </testcase> <!-- paymentOfTheProductWithInvaidDetails -->
</testsuite> <!-- Login -->
